sample.interval=20000
"file.exists" "bindTranslations" "loadNamespace" "doTryCatch" "tryCatchOne" "tryCatchList" "tryCatch" "library" 
"%in%" "findLocals1" "lapply" "FUN" "lapply" "findLocalsList1" "findLocalsList" "funEnv" "make.functionContext" "cmpfun" "doTryCatch" "tryCatchOne" "tryCatchList" "tryCatch" "compiler:::tryCmpfun" ".rs.describeObject" 
"make.codeBuf" "genCode" "cb$putconst" "cmpCallArgs" "cmpCallSymFun" "cmpCall" "cmp" "cmpBuiltinArgs" "h" "tryInline" "cmpCall" "cmp" "cmpBuiltinArgs" "h" "tryInline" "cmpCall" "cmp" "h" "tryInline" "cmpCall" "cmp" "genCode" "cmpfun" "doTryCatch" "tryCatchOne" "tryCatchList" "tryCatch" "compiler:::tryCmpfun" ".rs.describeObject" 
"make.codeBuf" "genCode" "cb$putconst" "cmpCallArgs" "cmpCallSymFun" "cmpCall" "cmp" "cmpSymbolAssign" "h" "tryInline" "cmpCall" "cmp" "h" "tryInline" "cmpCall" "cmp" "genCode" "h" "tryInline" "cmpCall" "cmp" "genCode" "cb$putconst" "cmpCallArgs" "cmpCallSymFun" "cmpCall" "cmp" "cmpSymbolAssign" "h" "tryInline" "cmpCall" "cmp" "h" "tryInline" "cmpCall" "cmp" "genCode" "cmpfun" "doTryCatch" "tryCatchOne" "tryCatchList" "tryCatch" "compiler:::tryCmpfun" ".rs.recordTraceback" "<Anonymous>" 
"readRDS" "index.search" "help" "eval" "eval" "?" 
"existsInFrame" "<Anonymous>" "lazyLoadDBfetch" "fetch" "fun" "lazyLoadDBexec" "tools:::fetchRdDB" "utils:::.getHelpFile" "Rd2HTML" "<Anonymous>" "doTryCatch" "tryCatchOne" "tryCatchList" "tryCatch" "try" "withCallingHandlers" "<Anonymous>" 
"RdTags" "writeContent" "writeWrapped" "writeBlock" "writeContent" "writeContent" "writeSection" "Rd2HTML" "<Anonymous>" "doTryCatch" "tryCatchOne" "tryCatchList" "tryCatch" "try" "withCallingHandlers" "<Anonymous>" 
"writeLinesUTF8" "of0" "writeWrapped" "writeBlock" "writeContent" "writeSection" "Rd2HTML" "<Anonymous>" "doTryCatch" "tryCatchOne" "tryCatchList" "tryCatch" "try" "withCallingHandlers" "<Anonymous>" 
"read.dcf" "doTryCatch" "tryCatchOne" "tryCatchList" "tryCatch" ".read_description" "Rd2HTML" "<Anonymous>" "doTryCatch" "tryCatchOne" "tryCatchList" "tryCatch" "try" "withCallingHandlers" "<Anonymous>" 
"grep" "isBlankRd" "writeWrapped" "writeBlock" "writeContent" "writeSection" "Rd2HTML" "<Anonymous>" "doTryCatch" "tryCatchOne" "tryCatchList" "tryCatch" "try" "withCallingHandlers" "<Anonymous>" 
"close.connection" "close" "Rd2HTML" "<Anonymous>" "doTryCatch" "tryCatchOne" "tryCatchList" "tryCatch" "try" "withCallingHandlers" "<Anonymous>" 
"gzfile" "readRDS" "doTryCatch" "tryCatchOne" "tryCatchList" "tryCatch" "FUN" "lapply" "find.package" "index.search" "help" "eval" "eval" "?" 
"browseURL" "print.help_files_with_topic" "<Anonymous>" 
"browseURL" "print.help_files_with_topic" "<Anonymous>" 
"browseURL" "print.help_files_with_topic" "<Anonymous>" 
"readRDS" "<Anonymous>" "doTryCatch" "tryCatchOne" "tryCatchList" "tryCatch" "try" "withCallingHandlers" "<Anonymous>" 
"fsub" "htmlify" "utils:::getSrcByte" "isBlankLineRd" "addParaBreaks" "writeLines" "writeLinesUTF8" "of1" "writeBlock" "writeContent" "writeSection" "Rd2HTML" "<Anonymous>" "doTryCatch" "tryCatchOne" "tryCatchList" "tryCatch" "try" "withCallingHandlers" "<Anonymous>" 
"readRDS" "<Anonymous>" "doTryCatch" "tryCatchOne" "tryCatchList" "tryCatch" "try" "withCallingHandlers" "<Anonymous>" 
"psub" "addParaBreaks" "writeLines" "writeLinesUTF8" "of1" "writeBlock" "writeContent" "writeSection" "Rd2HTML" "<Anonymous>" "doTryCatch" "tryCatchOne" "tryCatchList" "tryCatch" "try" "withCallingHandlers" "<Anonymous>" 
"findCenvVar" "findLocVar" "cmpCall" "cmp" "genCode" "cb$putconst" "cmpCallArgs" "cmpCallSymFun" "cmpCall" "cmp" "cmpSymbolAssign" "h" "tryInline" "cmpCall" "cmp" "h" "tryInline" "cmpCall" "cmp" "h" "tryInline" "cmpCall" "cmp" "h" "tryInline" "cmpCall" "cmp" "genCode" "cmpfun" "doTryCatch" "tryCatchOne" "tryCatchList" "tryCatch" "compiler:::tryCmpfun" ".rs.rpc.get_args" 
"ls" "FUN" "lapply" ".rs.objectsOnSearchPath" ".rs.getCompletionsSearchPath" "Reduce" ".rs.rpc.get_completions" 
"gsub" ".rs.fuzzyMatches" ".rs.getCompletionsSearchPath" "Reduce" ".rs.rpc.get_completions" 
"ls" "FUN" "lapply" ".rs.objectsOnSearchPath" ".rs.getCompletionsSearchPath" "Reduce" ".rs.rpc.get_completions" 
"lazyLoadDBfetch" "mget" "doTryCatch" "tryCatchOne" "tryCatchList" "tryCatch" ".rs.getHelpFromObject" ".rs.getHelpFunction" ".rs.rpc.get_help" 
"lazyLoadDBfetch" "mget" "doTryCatch" "tryCatchOne" "tryCatchList" "tryCatch" ".rs.getHelpFromObject" ".rs.getHelpFunction" ".rs.rpc.get_help" 
"tryCatchOne" "tryCatchList" "tryCatch" ".rs.getHelpFromObject" ".rs.getHelpFunction" ".rs.rpc.get_help" 
"readRDS" "tools:::httpd" "withCallingHandlers" "suppressWarnings" ".rs.getHelp" ".rs.getHelpFromObject" ".rs.getHelpFunction" ".rs.rpc.get_help" 
"as.character" "toupper" "paste0" "FUN" "vapply" "urlify" "paste0" "writeLink" "writeBlock" "writeContent" "writeSection" "Rd2HTML" "tools:::httpd" "withCallingHandlers" "suppressWarnings" ".rs.getHelp" ".rs.getHelpFromObject" ".rs.getHelpFunction" ".rs.rpc.get_help" 
"close.connection" "close" "readRDS" ".rs.readPackageDescription" ".rs.packageHelpEncodingImpl" "doTryCatch" "tryCatchOne" "tryCatchList" "tryCatch" ".rs.packageHelpEncoding" ".rs.getHelp" ".rs.getHelpFromObject" ".rs.getHelpFunction" ".rs.rpc.get_help" 
"cb$putcode" "cmpCallSymFun" "cmpCall" "cmp" "h" "tryInline" "cmpCall" "cmp" "h" "tryInline" "cmpCall" "cmp" "h" "tryInline" "cmpCall" "cmp" "h" "tryInline" "cmpCall" "cmp" "genCode" "cmpfun" "doTryCatch" "tryCatchOne" "tryCatchList" "tryCatch" "compiler:::tryCmpfun" ".rs.rpc.get_help" 
"cmpCall" "cmp" "h" "tryInline" "cmpCall" "cmp" "genCode" "cmpfun" "doTryCatch" "tryCatchOne" "tryCatchList" "tryCatch" "compiler:::tryCmpfun" ".rs.getHelpFunction" ".rs.rpc.get_help" 
"make.codeBuf" "genCode" "cb$putconst" "cmpCallArgs" "cmpCallSymFun" "cmpCall" "cmp" "genCode" "cb$putconst" "cmpCallArgs" "cmpCallSymFun" "cmpCall" "cmp" "cmpSymbolAssign" "h" "tryInline" "cmpCall" "cmp" "h" "tryInline" "cmpCall" "cmp" "genCode" "cmpfun" "doTryCatch" "tryCatchOne" "tryCatchList" "tryCatch" "compiler:::tryCmpfun" ".rs.getHelpFromObject" ".rs.getHelpFunction" ".rs.rpc.get_help" 
"checkSkipLoopCntxt" "checkSkipLoopCntxtList" "checkSkipLoopCntxt" "h" "tryInline" "cmpCall" "cmp" "h" "tryInline" "cmpCall" "cmp" "h" "tryInline" "cmpCall" "cmp" "h" "tryInline" "cmpCall" "cmp" "genCode" "cmpfun" "doTryCatch" "tryCatchOne" "tryCatchList" "tryCatch" "compiler:::tryCmpfun" ".rs.getHelpFromObject" ".rs.getHelpFunction" ".rs.rpc.get_help" 
"doTryCatch" "tryCatchOne" "tryCatchList" "tryCatch" ".rs.getHelpFromObject" ".rs.getHelpFunction" ".rs.rpc.get_help" 
"%in%" "findCenvVar" "getInlineInfo" "tryInline" "cmpCall" "cmp" "h" "tryInline" "cmpCall" "cmp" "h" "tryInline" "cmpCall" "cmp" "h" "tryInline" "cmpCall" "cmp" "genCode" "cmpfun" "doTryCatch" "tryCatchOne" "tryCatchList" "tryCatch" "compiler:::tryCmpfun" ".rs.getHelp" ".rs.getHelpFromObject" ".rs.getHelpFunction" ".rs.rpc.get_help" 
"$" "getInlineInfo" "tryInline" "cmpCall" "cmp" "cmpPrim2" "h" "tryInline" "cmpCall" "cmp" "genCode" "cb$putconst" "cmpCallArgs" "cmpCallSymFun" "cmpCall" "cmp" "cmpSymbolAssign" "h" "tryInline" "cmpCall" "cmp" "h" "tryInline" "cmpCall" "cmp" "h" "tryInline" "cmpCall" "cmp" "h" "tryInline" "cmpCall" "cmp" "genCode" "cmpfun" "doTryCatch" "tryCatchOne" "tryCatchList" "tryCatch" "compiler:::tryCmpfun" ".rs.getHelp" ".rs.getHelpFromObject" ".rs.getHelpFunction" ".rs.rpc.get_help" 
"lazyLoadDBfetch" "fetch" "fun" "lazyLoadDBexec" "tools:::fetchRdDB" "utils:::.getHelpFile" "Rd2HTML" "tools:::httpd" "withCallingHandlers" "suppressWarnings" ".rs.getHelp" ".rs.getHelpFromObject" ".rs.getHelpFunction" ".rs.rpc.get_help" 
"close.connection" "close" "Rd2HTML" "tools:::httpd" "withCallingHandlers" "suppressWarnings" ".rs.getHelp" ".rs.getHelpFromObject" ".rs.getHelpFunction" ".rs.rpc.get_help" 
"FUN" "vapply" ".rs.getCompletionsSearchPath" "Reduce" ".rs.rpc.get_completions" 
"tolower" "nchar" ".rs.startsWith" ".rs.fuzzyMatches" ".rs.getCompletionsSearchPath" "Reduce" ".rs.rpc.get_completions" 
"ls" "FUN" "lapply" ".rs.objectsOnSearchPath" ".rs.getCompletionsSearchPath" "Reduce" ".rs.rpc.get_completions" 
"unique" "setdiff" ".rs.getCompletionsPackages" "Reduce" ".rs.rpc.get_completions" 
"ls" "FUN" "lapply" ".rs.objectsOnSearchPath" ".rs.getCompletionsSearchPath" "Reduce" ".rs.rpc.get_completions" 
"ls" "FUN" "lapply" ".rs.objectsOnSearchPath" ".rs.getCompletionsSearchPath" "Reduce" ".rs.rpc.get_completions" 
"ls" "FUN" "lapply" ".rs.objectsOnSearchPath" ".rs.getCompletionsSearchPath" "Reduce" ".rs.rpc.get_completions" 
"ls" "FUN" "lapply" ".rs.objectsOnSearchPath" ".rs.getCompletionsSearchPath" "Reduce" ".rs.rpc.get_completions" 
"ls" "FUN" "lapply" ".rs.objectsOnSearchPath" ".rs.getCompletionsSearchPath" "Reduce" ".rs.rpc.get_completions" 
".Call" ".rs.isBrowserActive" ".rs.reticulate.replIsActive" ".rs.rpc.get_completions" 
"environment" "doTryCatch" "tryCatchOne" "tryCatchList" "tryCatch" "FUN" "vapply" ".rs.getCompletionsSearchPath" "Reduce" ".rs.rpc.get_completions" 
"tolower" "nchar" ".rs.startsWith" ".rs.fuzzyMatches" ".rs.getCompletionsSearchPath" "Reduce" ".rs.rpc.get_completions" 
"FUN" "lapply" "unlist" ".rs.getCompletionsSearchPath" "Reduce" ".rs.rpc.get_completions" 
"ls" "FUN" "lapply" ".rs.objectsOnSearchPath" ".rs.getCompletionsSearchPath" "Reduce" ".rs.rpc.get_completions" 
"ls" "FUN" "lapply" ".rs.objectsOnSearchPath" ".rs.getCompletionsSearchPath" "Reduce" ".rs.rpc.get_completions" 
"FUN" "lapply" "unlist" ".rs.getCompletionsSearchPath" "Reduce" ".rs.rpc.get_completions" 
"ls" "FUN" "lapply" ".rs.objectsOnSearchPath" ".rs.getCompletionsSearchPath" "Reduce" ".rs.rpc.get_completions" 
"ls" "FUN" "lapply" ".rs.objectsOnSearchPath" ".rs.getCompletionsSearchPath" "Reduce" ".rs.rpc.get_completions" 
"grepl" ".rs.makeCompletions" ".rs.getCompletionsSearchPath" "Reduce" ".rs.rpc.get_completions" 
"unique" "setdiff" ".rs.getCompletionsPackages" "Reduce" ".rs.rpc.get_completions" 
"lazyLoadDBfetch" "get" "doTryCatch" "tryCatchOne" "tryCatchList" "tryCatch" "FUN" "vapply" ".rs.getCompletionsSearchPath" "Reduce" ".rs.rpc.get_completions" 
"get" "doTryCatch" "tryCatchOne" "tryCatchList" "tryCatch" "FUN" "vapply" ".rs.getCompletionsSearchPath" "Reduce" ".rs.rpc.get_completions" 
"ls" "FUN" "lapply" ".rs.objectsOnSearchPath" ".rs.getCompletionsSearchPath" "Reduce" ".rs.rpc.get_completions" 
"ls" "FUN" "lapply" ".rs.objectsOnSearchPath" ".rs.getCompletionsSearchPath" "Reduce" ".rs.rpc.get_completions" 
"file.path" "find.package" "index.search" "help" "eval" "eval" "?" 
"readRDS" "<Anonymous>" "doTryCatch" "tryCatchOne" "tryCatchList" "tryCatch" "try" "withCallingHandlers" "<Anonymous>" 
"grepl" "addParaBreaks" "writeLines" "writeLinesUTF8" "of1" "writeBlock" "writeContent" "writeSection" "Rd2HTML" "<Anonymous>" "doTryCatch" "tryCatchOne" "tryCatchList" "tryCatch" "try" "withCallingHandlers" "<Anonymous>" 
"psub" "htmlify" "utils:::getSrcByte" "isBlankLineRd" "addParaBreaks" "writeLines" "writeLinesUTF8" "of1" "writeBlock" "writeContent" "writeSection" "Rd2HTML" "<Anonymous>" "doTryCatch" "tryCatchOne" "tryCatchList" "tryCatch" "try" "withCallingHandlers" "<Anonymous>" 
"grepl" "addParaBreaks" "writeLines" "writeLinesUTF8" "of1" "writeBlock" "writeContent" "writeSection" "Rd2HTML" "<Anonymous>" "doTryCatch" "tryCatchOne" "tryCatchList" "tryCatch" "try" "withCallingHandlers" "<Anonymous>" 
"lapply" "RdTags" "writeContent" "writeWrapped" "writeBlock" "writeContent" "writeSection" "Rd2HTML" "<Anonymous>" "doTryCatch" "tryCatchOne" "tryCatchList" "tryCatch" "try" "withCallingHandlers" "<Anonymous>" 
"putconst" "cb$putcode" "h" "tryInline" "cmpCall" "cmp" "h" "tryInline" "cmpCall" "cmp" "h" "tryInline" "cmpCall" "cmp" "h" "tryInline" "cmpCall" "cmp" "genCode" "cmpfun" "doTryCatch" "tryCatchOne" "tryCatchList" "tryCatch" "compiler:::tryCmpfun" ".rs.getAnywhere" "withCallingHandlers" "doTryCatch" "tryCatchOne" "tryCatchList" "tryCatch" ".rs.tryCatch" ".rs.resolveObjectFromFunctionCall" ".rs.getCompletionsFunction" ".rs.appendCompletions" ".rs.getRCompletions" ".rs.appendCompletions" ".rs.rpc.get_completions" 
"lazyLoadDBfetch" ".rs.resolveObjectFromFunctionCall" ".rs.getCompletionsFunction" ".rs.appendCompletions" ".rs.getRCompletions" ".rs.appendCompletions" ".rs.rpc.get_completions" 
"cmp" "cmpSymbolAssign" "h" "tryInline" "cmpCall" "cmp" "h" "tryInline" "cmpCall" "cmp" "h" "tryInline" "cmpCall" "cmp" "cmpWhileBody" "h" "tryInline" "cmpCall" "cmp" "h" "tryInline" "cmpCall" "cmp" "genCode" "cmpfun" "doTryCatch" "tryCatchOne" "tryCatchList" "tryCatch" "compiler:::tryCmpfun" ".rs.matchCall" ".rs.getCompletionsArgument" ".rs.getCompletionsFunction" ".rs.appendCompletions" ".rs.getRCompletions" ".rs.appendCompletions" ".rs.rpc.get_completions" 
"tolower" "nchar" ".rs.startsWith" ".rs.fuzzyMatches" ".rs.getCompletionsSearchPath" "Reduce" ".rs.rpc.get_completions" 
"ls" "FUN" "lapply" ".rs.objectsOnSearchPath" ".rs.getCompletionsSearchPath" "Reduce" ".rs.rpc.get_completions" 
"ls" "FUN" "lapply" ".rs.objectsOnSearchPath" ".rs.getCompletionsSearchPath" "Reduce" ".rs.rpc.get_completions" 
"getAssignedVar" "assign" "addVar" "findLocals1" "lapply" "FUN" "lapply" "findLocalsList1" "findLocalsList" "funEnv" "make.functionContext" "cmpfun" "doTryCatch" "tryCatchOne" "tryCatchList" "tryCatch" "compiler:::tryCmpfun" ".rs.getCompletionsFunction" ".rs.appendCompletions" ".rs.getRCompletions" ".rs.appendCompletions" ".rs.rpc.get_completions" 
"lazyLoadDBfetch" "get" "findFunDef" "cmpCall" "cmp" "cmpSymbolAssign" "h" "tryInline" "cmpCall" "cmp" "h" "tryInline" "cmpCall" "cmp" "genCode" "cb$putconst" "cmpCallArgs" "cmpCallSymFun" "cmpCall" "cmp" "h" "tryInline" "cmpCall" "cmp" "h" "tryInline" "cmpCall" "cmp" "h" "tryInline" "cmpCall" "cmp" "h" "tryInline" "cmpCall" "cmp" "h" "tryInline" "cmpCall" "cmp" "genCode" "cmpfun" "doTryCatch" "tryCatchOne" "tryCatchList" "tryCatch" "compiler:::tryCmpfun" ".rs.getCompletionsFunction" ".rs.appendCompletions" ".rs.getRCompletions" ".rs.appendCompletions" ".rs.rpc.get_completions" 
"%in%" "getFoldFun" "constantFoldCall" "constantFold" "cmp" "h" "tryInline" "cmpCall" "cmp" "genCode" "cmpfun" "doTryCatch" "tryCatchOne" "tryCatchList" "tryCatch" "compiler:::tryCmpfun" ".rs.getCompletionsFunction" ".rs.appendCompletions" ".rs.getRCompletions" ".rs.appendCompletions" ".rs.rpc.get_completions" 
"findCenvVar" "getInlineInfo" "tryInline" "cmpCall" "cmp" "cmpSymbolAssign" "h" "tryInline" "cmpCall" "cmp" "h" "tryInline" "cmpCall" "cmp" "cmpForBody" "h" "tryInline" "cmpCall" "cmp" "h" "tryInline" "cmpCall" "cmp" "genCode" "cmpfun" "doTryCatch" "tryCatchOne" "tryCatchList" "tryCatch" "compiler:::tryCmpfun" ".rs.resolveFormalsImplS3Dispatch" ".rs.resolveFormalsImpl" "doTryCatch" "tryCatchOne" "tryCatchList" "tryCatch" ".rs.resolveFormals" ".rs.getCompletionsFunction" ".rs.appendCompletions" ".rs.getRCompletions" ".rs.appendCompletions" ".rs.rpc.get_completions" 
"cb$putcode" "cmpSymbolAssign" "h" "tryInline" "cmpCall" "cmp" "h" "tryInline" "cmpCall" "cmp" "h" "tryInline" "cmpCall" "cmp" "h" "tryInline" "cmpCall" "cmp" "h" "tryInline" "cmpCall" "cmp" "h" "tryInline" "cmpCall" "cmp" "h" "tryInline" "cmpCall" "cmp" "h" "tryInline" "cmpCall" "cmp" "h" "tryInline" "cmpCall" "cmp" "h" "tryInline" "cmpCall" "cmp" "genCode" "cmpfun" "doTryCatch" "tryCatchOne" "tryCatchList" "tryCatch" "compiler:::tryCmpfun" ".rs.getCompletionsArgument" ".rs.getCompletionsFunction" ".rs.appendCompletions" ".rs.getRCompletions" ".rs.appendCompletions" ".rs.rpc.get_completions" 
"ls" "FUN" "lapply" ".rs.objectsOnSearchPath" ".rs.getCompletionsSearchPath" "Reduce" ".rs.rpc.get_completions" 
"findCenvVar" "getInlineInfo" "tryInline" "cmpCall" "cmp" "cmpSymbolAssign" "h" "tryInline" "cmpCall" "cmp" "h" "tryInline" "cmpCall" "cmp" "h" "tryInline" "cmpCall" "cmp" "h" "tryInline" "cmpCall" "cmp" "genCode" "cmpfun" "doTryCatch" "tryCatchOne" "tryCatchList" "tryCatch" "compiler:::tryCmpfun" ".rs.getRChainCompletions" ".rs.appendCompletions" ".rs.rpc.get_completions" 
"close.connection" "close" "Rd2HTML" "tools:::httpd" "withCallingHandlers" "suppressWarnings" ".rs.getHelp" ".rs.rpc.get_help" 
"getInlineHandler" "tryInline" "cmpCall" "cmp" "cmpBuiltinArgs" "cmpBuiltin" "cmpDotInternalCall" "h" "tryInline" "cmpCall" "cmp" "h" "tryInline" "cmpCall" "cmp" "h" "tryInline" "cmpCall" "cmp" "genCode" "cmpfun" "doTryCatch" "tryCatchOne" "tryCatchList" "tryCatch" "compiler:::tryCmpfun" ".rs.callsUseMethod" ".rs.isS3Generic" ".rs.resolveFormalsImplS3Dispatch" ".rs.resolveFormalsImpl" "doTryCatch" "tryCatchOne" "tryCatchList" "tryCatch" ".rs.resolveFormals" ".rs.getCompletionsFunction" ".rs.appendCompletions" ".rs.getRCompletions" ".rs.appendCompletions" ".rs.rpc.get_completions" 
"tolower" "nchar" ".rs.startsWith" ".rs.fuzzyMatches" ".rs.getCompletionsSearchPath" "Reduce" ".rs.rpc.get_completions" 
"ls" "FUN" "lapply" ".rs.objectsOnSearchPath" ".rs.getCompletionsSearchPath" "Reduce" ".rs.rpc.get_completions" 
".Call" ".rs.finishExpression" "parse" "doTryCatch" "tryCatchOne" "tryCatchList" "tryCatch" ".rs.rpc.get_completions" 
"lazyLoadDBfetch" "get" "doTryCatch" "tryCatchOne" "tryCatchList" "tryCatch" "FUN" "vapply" ".rs.getCompletionsSearchPath" "Reduce" ".rs.rpc.get_completions" 
"ls" "FUN" "lapply" ".rs.objectsOnSearchPath" ".rs.getCompletionsSearchPath" "Reduce" ".rs.rpc.get_completions" 
".Call" ".rs.isBrowserActive" ".rs.reticulate.replIsActive" ".rs.rpc.get_completions" 
".rs.getCompletionsSearchPath" "Reduce" ".rs.rpc.get_completions" 
"lazyLoadDBfetch" "mget" "doTryCatch" "tryCatchOne" "tryCatchList" "tryCatch" ".rs.getHelpFromObject" ".rs.getHelpFunction" ".rs.rpc.get_help" 
"lazyLoadDBfetch" "mget" "doTryCatch" "tryCatchOne" "tryCatchList" "tryCatch" ".rs.getHelpFromObject" ".rs.getHelpFunction" ".rs.rpc.get_help" 
"duplicated.default" "duplicated" ".S3methods" "methods" "eval" "eval" "doTryCatch" "tryCatchOne" "tryCatchList" "tryCatch" "withCallingHandlers" "suppressWarnings" ".rs.getHelpFromObject" ".rs.getHelpFunction" ".rs.rpc.get_help" 
"close.connection" "close" "readRDS" "index.search" "utils::help" ".rs.getHelp" ".rs.getHelpFromObject" ".rs.getHelpFunction" ".rs.rpc.get_help" 
"psub" "htmlify" "utils:::getSrcByte" "isBlankLineRd" "addParaBreaks" "writeLines" "writeLinesUTF8" "of1" "writeBlock" "writeContent" "writeContent" "writeSection" "Rd2HTML" "tools:::httpd" "withCallingHandlers" "suppressWarnings" ".rs.getHelp" ".rs.getHelpFromObject" ".rs.getHelpFunction" ".rs.rpc.get_help" 
"close.connection" "close" "Rd2HTML" "tools:::httpd" "withCallingHandlers" "suppressWarnings" ".rs.getHelp" ".rs.getHelpFromObject" ".rs.getHelpFunction" ".rs.rpc.get_help" 
"readRDS" "tools:::httpd" "withCallingHandlers" "suppressWarnings" ".rs.getHelp" ".rs.getHelpFromObject" ".rs.getHelpFunction" ".rs.rpc.get_help" 
"tryCatch" ".rs.getHelpFromObject" ".rs.getHelpFunction" ".rs.rpc.get_help" 
"writeLines" "writeLinesUTF8" "of1" "writeBlock" "writeContent" "writeContent" "writeSection" "Rd2HTML" "tools:::httpd" "withCallingHandlers" "suppressWarnings" ".rs.getHelp" ".rs.getHelpFromObject" ".rs.getHelpFunction" ".rs.rpc.get_help" 
"vhtmlify" "writeLines" "writeLinesUTF8" "of1" "writeBlock" "writeContent" "writeSection" "Rd2HTML" "tools:::httpd" "withCallingHandlers" "suppressWarnings" ".rs.getHelp" ".rs.getHelpFromObject" ".rs.getHelpFunction" ".rs.rpc.get_help" 
"readRDS" "tools:::httpd" "withCallingHandlers" "suppressWarnings" ".rs.getHelp" ".rs.getHelpFromObject" ".rs.getHelpFunction" ".rs.rpc.get_help" 
"utils:::getSrcByte" "addParaBreaks" "writeLines" "writeLinesUTF8" "of1" "writeBlock" "writeContent" "writeSection" "Rd2HTML" "tools:::httpd" "withCallingHandlers" "suppressWarnings" ".rs.getHelp" ".rs.getHelpFromObject" ".rs.getHelpFunction" ".rs.rpc.get_help" 
"ls" "FUN" "lapply" ".rs.objectsOnSearchPath" ".rs.getCompletionsSearchPath" "Reduce" ".rs.rpc.get_completions" 
"doTryCatch" "tryCatchOne" "tryCatchList" "tryCatch" ".rs.getHelpFromObject" ".rs.getHelpArgument" ".rs.rpc.get_help" 
"of1" "writeContent" "writeSection" "Rd2HTML" "tools:::httpd" "withCallingHandlers" "suppressWarnings" ".rs.getHelp" ".rs.getHelpFromObject" ".rs.getHelpArgument" ".rs.rpc.get_help" 
"formals" "as.list" ".rs.getHelpFromObject" ".rs.getHelpArgument" ".rs.rpc.get_help" 
"grepl" "addParaBreaks" "writeLines" "writeLinesUTF8" "of1" "writeBlock" "writeContent" "writeSection" "Rd2HTML" "tools:::httpd" "withCallingHandlers" "suppressWarnings" ".rs.getHelp" ".rs.getHelpFromObject" ".rs.getHelpArgument" ".rs.rpc.get_help" 
"close.connection" "close" "Rd2HTML" "tools:::httpd" "withCallingHandlers" "suppressWarnings" ".rs.getHelp" ".rs.getHelpFromObject" ".rs.getHelpArgument" ".rs.rpc.get_help" 
"ls" "FUN" "lapply" ".rs.objectsOnSearchPath" ".rs.getCompletionsSearchPath" "Reduce" ".rs.rpc.get_completions" 
".rs.scalar" ".rs.scalar" ".rs.makeCompletions" ".rs.emptyCompletions" ".rs.getCompletionsNAMESPACE" "Reduce" ".rs.rpc.get_completions" 
".Call" ".rs.finishExpression" "parse" "doTryCatch" "tryCatchOne" "tryCatchList" "tryCatch" ".rs.rpc.get_completions" 
".Call" ".rs.isRScriptInPackageBuildTarget" ".rs.rpc.get_completions" 
"ls" "FUN" "lapply" ".rs.objectsOnSearchPath" ".rs.getCompletionsSearchPath" "Reduce" ".rs.rpc.get_completions" 
"nchar" ".rs.startsWith" ".rs.fuzzyMatches" ".rs.getCompletionsSearchPath" "Reduce" ".rs.rpc.get_completions" 
"ls" "FUN" "lapply" ".rs.objectsOnSearchPath" ".rs.getCompletionsSearchPath" "Reduce" ".rs.rpc.get_completions" 
"objects" ".rs.getHelpFromObject" ".rs.getHelpFunction" ".rs.rpc.get_help" 
"readRDS" "tools:::httpd" "withCallingHandlers" "suppressWarnings" ".rs.getHelp" ".rs.getHelpFromObject" ".rs.getHelpFunction" ".rs.rpc.get_help" 
"ls" "FUN" "lapply" ".rs.objectsOnSearchPath" ".rs.getCompletionsSearchPath" "Reduce" ".rs.rpc.get_completions" 
"readRDS" "available.packages" ".rs.onAvailablePackagesStale" ".rs.availablePackages" ".rs.rpc.discover_package_dependencies" 
"readRDS" "available.packages" ".rs.onAvailablePackagesStale" ".rs.availablePackages" ".rs.rpc.discover_package_dependencies" 
"readRDS" "available.packages" ".rs.onAvailablePackagesStale" ".rs.availablePackages" ".rs.rpc.discover_package_dependencies" 
"readRDS" "available.packages" ".rs.onAvailablePackagesStale" ".rs.availablePackages" ".rs.rpc.discover_package_dependencies" 
"readRDS" "available.packages" ".rs.onAvailablePackagesStale" ".rs.availablePackages" ".rs.rpc.discover_package_dependencies" 
"readRDS" "available.packages" ".rs.onAvailablePackagesStale" ".rs.availablePackages" ".rs.rpc.discover_package_dependencies" 
"readRDS" "available.packages" ".rs.onAvailablePackagesStale" ".rs.availablePackages" ".rs.rpc.discover_package_dependencies" 
"readRDS" "available.packages" ".rs.onAvailablePackagesStale" ".rs.availablePackages" ".rs.rpc.discover_package_dependencies" 
"readRDS" "available.packages" ".rs.onAvailablePackagesStale" ".rs.availablePackages" ".rs.rpc.discover_package_dependencies" 
"cbind" "available.packages" ".rs.onAvailablePackagesStale" ".rs.availablePackages" ".rs.rpc.discover_package_dependencies" 
"sub" "strsplit" "lapply" "f" "available.packages" ".rs.onAvailablePackagesStale" ".rs.availablePackages" ".rs.rpc.discover_package_dependencies" 
"strsplit" "lapply" "f" "available.packages" ".rs.onAvailablePackagesStale" ".rs.availablePackages" ".rs.rpc.discover_package_dependencies" 
"grepl" "FUN" "lapply" "f" "available.packages" ".rs.onAvailablePackagesStale" ".rs.availablePackages" ".rs.rpc.discover_package_dependencies" 
"grepl" "FUN" "lapply" "f" "available.packages" ".rs.onAvailablePackagesStale" ".rs.availablePackages" ".rs.rpc.discover_package_dependencies" 
"grepl" "FUN" "lapply" "f" "available.packages" ".rs.onAvailablePackagesStale" ".rs.availablePackages" ".rs.rpc.discover_package_dependencies" 
"grepl" "FUN" "lapply" "f" "available.packages" ".rs.onAvailablePackagesStale" ".rs.availablePackages" ".rs.rpc.discover_package_dependencies" 
"grepl" "FUN" "lapply" "f" "available.packages" ".rs.onAvailablePackagesStale" ".rs.availablePackages" ".rs.rpc.discover_package_dependencies" 
"FUN" "lapply" "f" "available.packages" ".rs.onAvailablePackagesStale" ".rs.availablePackages" ".rs.rpc.discover_package_dependencies" 
"is.factor" "grepl" "FUN" "lapply" "f" "available.packages" ".rs.onAvailablePackagesStale" ".rs.availablePackages" ".rs.rpc.discover_package_dependencies" 
"grepl" "FUN" "lapply" "f" "available.packages" ".rs.onAvailablePackagesStale" ".rs.availablePackages" ".rs.rpc.discover_package_dependencies" 
"grepl" "FUN" "lapply" "f" "available.packages" ".rs.onAvailablePackagesStale" ".rs.availablePackages" ".rs.rpc.discover_package_dependencies" 
"sub" "f" "available.packages" ".rs.onAvailablePackagesStale" ".rs.availablePackages" ".rs.rpc.discover_package_dependencies" 
"strsplit" "lapply" ".make_numeric_version" "numeric_version" "as.numeric_version" "Ops.numeric_version" ">=" "do.call" "f" "available.packages" ".rs.onAvailablePackagesStale" ".rs.availablePackages" ".rs.rpc.discover_package_dependencies" 
"FUN" "lapply" ".make_numeric_version" "numeric_version" "as.numeric_version" "Ops.numeric_version" ">=" "do.call" "f" "available.packages" ".rs.onAvailablePackagesStale" ".rs.availablePackages" ".rs.rpc.discover_package_dependencies" 
"FUN" "lapply" ".make_numeric_version" "numeric_version" "as.numeric_version" "Ops.numeric_version" ">=" "do.call" "f" "available.packages" ".rs.onAvailablePackagesStale" ".rs.availablePackages" ".rs.rpc.discover_package_dependencies" 
"sprintf" "FUN" "lapply" ".encode_numeric_version" "split" "Ops.numeric_version" ">=" "do.call" "f" "available.packages" ".rs.onAvailablePackagesStale" ".rs.availablePackages" ".rs.rpc.discover_package_dependencies" 
"unlist" ".encode_numeric_version" "split" "Ops.numeric_version" ">=" "do.call" "f" "available.packages" ".rs.onAvailablePackagesStale" ".rs.availablePackages" ".rs.rpc.discover_package_dependencies" 
"paste0" "strlpad" "paste" "FUN" "vapply" ".encode_numeric_version" "split" "Ops.numeric_version" ">=" "do.call" "f" "available.packages" ".rs.onAvailablePackagesStale" ".rs.availablePackages" ".rs.rpc.discover_package_dependencies" 
"FUN" "vapply" ".encode_numeric_version" "split" "Ops.numeric_version" ">=" "do.call" "f" "available.packages" ".rs.onAvailablePackagesStale" ".rs.availablePackages" ".rs.rpc.discover_package_dependencies" 
"paste0" "strlpad" "paste" "FUN" "vapply" ".encode_numeric_version" "split" "Ops.numeric_version" ">=" "do.call" "f" "available.packages" ".rs.onAvailablePackagesStale" ".rs.availablePackages" ".rs.rpc.discover_package_dependencies" 
"paste0" "strlpad" "paste" "FUN" "vapply" ".encode_numeric_version" "split" "Ops.numeric_version" ">=" "do.call" "f" "available.packages" ".rs.onAvailablePackagesStale" ".rs.availablePackages" ".rs.rpc.discover_package_dependencies" 
"paste" "FUN" "vapply" ".encode_numeric_version" "split" "Ops.numeric_version" ">=" "do.call" "f" "available.packages" ".rs.onAvailablePackagesStale" ".rs.availablePackages" ".rs.rpc.discover_package_dependencies" 
"strrep" "paste0" "strlpad" "paste" "FUN" "vapply" ".encode_numeric_version" "split" "Ops.numeric_version" ">=" "do.call" "f" "available.packages" ".rs.onAvailablePackagesStale" ".rs.availablePackages" ".rs.rpc.discover_package_dependencies" 
"as.factor" "split.default" "split" "lapply" "sapply" "f" "available.packages" ".rs.onAvailablePackagesStale" ".rs.availablePackages" ".rs.rpc.discover_package_dependencies" 
"tools:::.remove_stale_dups" "f" "available.packages" ".rs.onAvailablePackagesStale" ".rs.availablePackages" ".rs.rpc.discover_package_dependencies" 
"namespaceImportFrom" "namespaceImport" "loadNamespace" "doTryCatch" "tryCatchOne" "tryCatchList" "tryCatch" "requireNamespace" ".rs.parsePackageDependencies" ".rs.discoverPackageDependencies" ".rs.rpc.discover_package_dependencies" 
"readRDS" "withCallingHandlers" "doTryCatch" "tryCatchOne" "tryCatchList" "tryCatch" ".rs.tryCatch" ".rs.onAvailablePackagesReady" "<Anonymous>" 
"readRDS" "withCallingHandlers" "doTryCatch" "tryCatchOne" "tryCatchList" "tryCatch" ".rs.tryCatch" ".rs.onAvailablePackagesReady" "<Anonymous>" 
"readRDS" "withCallingHandlers" "doTryCatch" "tryCatchOne" "tryCatchList" "tryCatch" ".rs.tryCatch" ".rs.onAvailablePackagesReady" "<Anonymous>" 
"readRDS" "withCallingHandlers" "doTryCatch" "tryCatchOne" "tryCatchList" "tryCatch" ".rs.tryCatch" ".rs.onAvailablePackagesReady" "<Anonymous>" 
"readRDS" "withCallingHandlers" "doTryCatch" "tryCatchOne" "tryCatchList" "tryCatch" ".rs.tryCatch" ".rs.onAvailablePackagesReady" "<Anonymous>" 
"readRDS" "withCallingHandlers" "doTryCatch" "tryCatchOne" "tryCatchList" "tryCatch" ".rs.tryCatch" ".rs.onAvailablePackagesReady" "<Anonymous>" 
"readRDS" "withCallingHandlers" "doTryCatch" "tryCatchOne" "tryCatchList" "tryCatch" ".rs.tryCatch" ".rs.onAvailablePackagesReady" "<Anonymous>" 
".Call" ".rs.enqueClientEvent" "<Anonymous>" 
"handleLibraryRequireCall" "fn" ".rs.recursiveWalk" ".rs.recursiveWalk" ".rs.parsePackageDependencies" ".rs.discoverPackageDependencies" ".rs.rpc.discover_package_dependencies" 
"parse" "withCallingHandlers" "doTryCatch" "tryCatchOne" "tryCatchList" "tryCatch" ".rs.tryCatch" ".rs.parsePackageDependencies" ".rs.discoverPackageDependencies" ".rs.rpc.discover_package_dependencies" 
"ls" "FUN" "lapply" ".rs.objectsOnSearchPath" ".rs.getCompletionsSearchPath" "Reduce" ".rs.rpc.get_completions" 
"grepl" ".rs.extractRCode" 
"grepl" ".rs.extractRCode" 
"FUN" "lapply" ".rs.objectsOnSearchPath" ".rs.getCompletionsSearchPath" "Reduce" ".rs.rpc.get_completions" 
"xfun::split_lines" "split_lines" "knitr::knit_params" ".rs.knitParams" ".Call" ".rs.getKnitParamsForDocument" ".rs.injectKnitrParamsObject" ".rs.rpc.get_completions" 
"sort" ".rs.getCompletionsPackages" "Reduce" ".rs.rpc.get_completions" 
"sub" ".rs.doStripSurrounding" ".rs.stripSurrounding" ".rs.resolveObjectFromFunctionCall" ".rs.getCompletionsArgument" ".rs.getCompletionsFunction" ".rs.appendCompletions" ".rs.getRCompletions" ".rs.appendCompletions" ".rs.rpc.get_completions" 
"which" ".rs.makeCompletions" ".rs.emptyCompletions" ".rs.getCompletionsLibraryContext" "Reduce" ".rs.rpc.get_completions" 
"ls" "FUN" "lapply" ".rs.objectsOnSearchPath" ".rs.getCompletionsSearchPath" "Reduce" ".rs.rpc.get_completions" 
".rs.getHelpFromObject" ".rs.getHelpFunction" ".rs.rpc.get_help" 
"file.exists" "index.search" "utils::help" "eval" "eval" "doTryCatch" "tryCatchOne" "tryCatchList" "tryCatch" ".rs.getHelp" ".rs.getHelpFromObject" ".rs.getHelpFunction" ".rs.rpc.get_help" 
"grepl" "urlify" "paste0" "writeLink" "writeBlock" "writeContent" "writeWrapped" "writeBlock" "writeContent" "writeSection" "Rd2HTML" "tools:::httpd" "withCallingHandlers" "suppressWarnings" ".rs.getHelp" ".rs.getHelpFromObject" ".rs.getHelpFunction" ".rs.rpc.get_help" 
"ls" "FUN" "lapply" ".rs.objectsOnSearchPath" ".rs.getCompletionsSearchPath" "Reduce" ".rs.rpc.get_completions" 
"FUN" "lapply" ".rs.objectsOnSearchPath" ".rs.getCompletionsSearchPath" "Reduce" ".rs.rpc.get_completions" 
"lazyLoadDBfetch" "get" "doTryCatch" "tryCatchOne" "tryCatchList" "tryCatch" "FUN" "vapply" ".rs.getCompletionsSearchPath" "Reduce" ".rs.rpc.get_completions" 
"lazyLoadDBfetch" "get" "doTryCatch" "tryCatchOne" "tryCatchList" "tryCatch" "FUN" "vapply" ".rs.getCompletionsSearchPath" "Reduce" ".rs.rpc.get_completions" 
".rs.extractRCode" 
"grep" "rmarkdown:::partition_yaml_front_matter" ".rs.parsePackageDependencies" ".rs.discoverPackageDependencies" ".rs.rpc.discover_package_dependencies" 
"cmpCallArgs" "cmpCallSymFun" "h" "tryInline" "cmpCall" "cmp" "cmpCallExprFun" "cmpCall" "cmp" "genCode" "cb$putconst" "cmpCallArgs" "cmpCallSymFun" "cmpCall" "cmp" "cmpSymbolAssign" "h" "tryInline" "cmpCall" "cmp" "h" "tryInline" "cmpCall" "cmp" "genCode" "h" "tryInline" "cmpCall" "cmp" "cmpBuiltinArgs" "h" "tryInline" "cmpCall" "cmp" "h" "tryInline" "cmpCall" "cmp" "genCode" "cmpfun" "doTryCatch" "tryCatchOne" "tryCatchList" "tryCatch" "compiler:::tryCmpfun" ".rs.dataCaptureOverrides" ".rs.releaseDataCapture" 
"%in%" "findCenvVar" "getInlineInfo" "tryInline" "cmpCall" "cmp" "h" "tryInline" "cmpCall" "cmp" "genCode" "cmpfun" "doTryCatch" "tryCatchOne" "tryCatchList" "tryCatch" "compiler:::tryCmpfun" ".rs.evaluateChunkOptions" 
"capabilities" ".rs.hasCapability" ".rs.graphics.supportedBackends" 
"cb$patchlabels" "codeBufCode" "genCode" "h" "tryInline" "cmpCall" "cmp" "cmpSymbolAssign" "h" "tryInline" "cmpCall" "cmp" "h" "tryInline" "cmpCall" "cmp" "genCode" "cmpfun" "doTryCatch" "tryCatchOne" "tryCatchList" "tryCatch" "compiler:::tryCmpfun" ".rs.initDataCapture" 
">=" ".rs.startsWith" ".rs.fuzzyMatches" ".rs.getCompletionsSearchPath" "Reduce" ".rs.rpc.get_completions" 
"ls" "FUN" "lapply" ".rs.objectsOnSearchPath" ".rs.getCompletionsSearchPath" "Reduce" ".rs.rpc.get_completions" 
"file.exists" "system.file" "tools:::httpd" "withCallingHandlers" "suppressWarnings" ".rs.getHelp" ".rs.rpc.get_help" 
"readRDS" "index.search" "help" "eval" "eval" "?" 
"psub" "htmlify" "utils:::getSrcByte" "isBlankLineRd" "addParaBreaks" "writeLines" "writeLinesUTF8" "of1" "writeBlock" "writeContent" "writeSection" "Rd2HTML" "<Anonymous>" "doTryCatch" "tryCatchOne" "tryCatchList" "tryCatch" "try" "withCallingHandlers" "<Anonymous>" 
"psub" "addParaBreaks" "writeLines" "writeLinesUTF8" "of1" "writeBlock" "writeContent" "writeSection" "Rd2HTML" "<Anonymous>" "doTryCatch" "tryCatchOne" "tryCatchList" "tryCatch" "try" "withCallingHandlers" "<Anonymous>" 
"close.connection" "close" "Rd2HTML" "<Anonymous>" "doTryCatch" "tryCatchOne" "tryCatchList" "tryCatch" "try" "withCallingHandlers" "<Anonymous>" 
"ls" "FUN" "lapply" ".rs.objectsOnSearchPath" ".rs.getCompletionsSearchPath" "Reduce" ".rs.rpc.get_completions" 
"tolower" "nchar" ".rs.startsWith" ".rs.fuzzyMatches" ".rs.getCompletionsSearchPath" "Reduce" ".rs.rpc.get_completions" 
"tolower" "nchar" ".rs.startsWith" ".rs.fuzzyMatches" ".rs.getCompletionsSearchPath" "Reduce" ".rs.rpc.get_completions" 
"FUN" "lapply" "unlist" ".rs.getCompletionsSearchPath" "Reduce" ".rs.rpc.get_completions" 
"file.exists" "find.package" "system.file" "FUN" "vapply" ".rs.isPackageInstalled" ".rs.isPackageVersionInstalled" 
".Call" ".rs.getNAMESPACEImportedSymbols" ".rs.getCompletionsNAMESPACE" "Reduce" ".rs.rpc.get_completions" 
"getwd" "srcfilecopy" "parse" "doTryCatch" "tryCatchOne" "tryCatchList" "tryCatch" "withCallingHandlers" "quietly" ".rs.getAnywhere" "withCallingHandlers" "doTryCatch" "tryCatchOne" "tryCatchList" "tryCatch" ".rs.tryCatch" ".rs.resolveObjectFromFunctionCall" ".rs.getCompletionsFunction" ".rs.appendCompletions" ".rs.getRCompletions" ".rs.appendCompletions" ".rs.rpc.get_completions" 
"tolower" "nchar" ".rs.startsWith" ".rs.fuzzyMatches" ".rs.getCompletionsSearchPath" "Reduce" ".rs.rpc.get_completions" 
"ls" "FUN" "lapply" ".rs.objectsOnSearchPath" ".rs.getCompletionsSearchPath" "Reduce" ".rs.rpc.get_completions" 
"readRDS" "FUN" "lapply" ".rs.getCompletionsHelp" ".rs.rpc.get_completions" 
"unlist" "apply" "find.package" "index.search" "help" "eval" "eval" "?" 
"length" "ifelse" "urlify" "paste0" "writeLink" "writeBlock" "writeContent" "writeWrapped" "writeBlock" "writeContent" "writeSection" "Rd2HTML" "<Anonymous>" "doTryCatch" "tryCatchOne" "tryCatchList" "tryCatch" "try" "withCallingHandlers" "<Anonymous>" 
"writeLines" "writeLinesUTF8" "of1" "writeBlock" "writeContent" "writeSection" "Rd2HTML" "<Anonymous>" "doTryCatch" "tryCatchOne" "tryCatchList" "tryCatch" "try" "withCallingHandlers" "<Anonymous>" 
"ls" "FUN" "lapply" ".rs.objectsOnSearchPath" ".rs.getCompletionsSearchPath" "Reduce" ".rs.rpc.get_completions" 
".rs.scalar" ".rs.scalar" ".rs.makeCompletions" ".rs.emptyCompletions" ".rs.getCompletionsArgument" ".rs.getCompletionsFunction" ".rs.appendCompletions" ".rs.getRCompletions" ".rs.appendCompletions" ".rs.rpc.get_completions" 
".Call" ".rs.scoreMatches" ".rs.sortCompletions" ".rs.rpc.get_completions" 
"as.list.default" "as.list" "mayCallBrowserList" "mayCallBrowser" "mayCallBrowserList" "mayCallBrowser" "cmpfun" "doTryCatch" "tryCatchOne" "tryCatchList" "tryCatch" "compiler:::tryCmpfun" "FUN" "lapply" "sapply" 
"make.argContext" "cmpBuiltinArgs" "h" "tryInline" "cmpCall" "cmp" "h" "tryInline" "cmpCall" "cmp" "genCode" "cmpfun" "doTryCatch" "tryCatchOne" "tryCatchList" "tryCatch" "compiler:::tryCmpfun" "FUN" "lapply" "sapply" 
"tolower" "nchar" ".rs.startsWith" ".rs.fuzzyMatches" ".rs.getCompletionsSearchPath" "Reduce" ".rs.rpc.get_completions" 
".rs.normalizePath" "withCallingHandlers" "suppressWarnings" ".rs.rpc.get_completions" 
"nchar" ".rs.startsWith" ".rs.fuzzyMatches" ".rs.getCompletionsSearchPath" "Reduce" ".rs.rpc.get_completions" 
"ls" "FUN" "lapply" ".rs.objectsOnSearchPath" ".rs.getCompletionsSearchPath" "Reduce" ".rs.rpc.get_completions" 
".rs.getCompletionsSearchPath" "Reduce" ".rs.rpc.get_completions" 
"substring" ".rs.startsWith" ".rs.getCompletionsSearchPath" "Reduce" ".rs.rpc.get_completions" 
".rs.scalar" ".rs.scalar" ".rs.makeCompletions" ".rs.emptyCompletions" ".rs.getCompletionsNAMESPACE" "Reduce" ".rs.rpc.get_completions" 
"FUN" "lapply" ".rs.objectsOnSearchPath" ".rs.getCompletionsSearchPath" "Reduce" ".rs.rpc.get_completions" 
"encodeString" "str.default" "str" "<Anonymous>" "do.call" "strSub" "str.default" "str" "doTryCatch" "tryCatchOne" "tryCatchList" "tryCatch" "try" "...elt" "withVisible" "capture.output" "doTryCatch" "tryCatchOne" "tryCatchList" "tryCatch" ".rs.withTimeLimit" ".rs.valueFromStr" ".rs.valueDescriptionImpl" "doTryCatch" "tryCatchOne" "tryCatchList" "tryCatch" ".rs.valueDescription" ".rs.describeObject" 
"%in%" ".rs.reticulate.replIsActive" 
"ls" "FUN" "lapply" ".rs.objectsOnSearchPath" ".rs.getCompletionsSearchPath" "Reduce" ".rs.rpc.get_completions" 
"cb$putcode" "h" "tryInline" "cmpCall" "cmp" "cmpPrim1" "h" "tryInline" "cmpCall" "cmp" "cmpBuiltinArgs" "h" "tryInline" "cmpCall" "cmp" "h" "tryInline" "cmpCall" "cmp" "genCode" "h" "tryInline" "cmpCall" "cmp" "genCode" "cb$putconst" "cmpCallArgs" "cmpCallSymFun" "cmpCall" "cmp" "cmpPrim2" "h" "tryInline" "cmpCall" "cmp" "cmpSymbolAssign" "h" "tryInline" "cmpCall" "cmp" "h" "tryInline" "cmpCall" "cmp" "genCode" "cmpfun" "doTryCatch" "tryCatchOne" "tryCatchList" "tryCatch" "compiler:::tryCmpfun" "measure_quality" 
"readRDS" "doTryCatch" "tryCatchOne" "tryCatchList" "tryCatch" "FUN" "lapply" "find.package" "system.file" "FUN" "vapply" ".rs.isPackageInstalled" ".rs.isPackageVersionInstalled" 
".Call" ".rs.isBrowserActive" ".rs.reticulate.replIsActive" 
"FUN" "lapply" ".rs.objectsOnSearchPath" ".rs.getCompletionsSearchPath" "Reduce" ".rs.rpc.get_completions" 
"%in%" "getInlineInfo" "tryInline" "cmpCall" "cmp" "h" "tryInline" "cmpCall" "cmp" "genCode" "cmpfun" "doTryCatch" "tryCatchOne" "tryCatchList" "tryCatch" "compiler:::tryCmpfun" "measure_quality" 
"close.connection" "close" "readRDS" "doTryCatch" "tryCatchOne" "tryCatchList" "tryCatch" "FUN" "lapply" "find.package" "system.file" "FUN" "vapply" ".rs.isPackageInstalled" ".rs.isPackageVersionInstalled" 
"ls" "FUN" "lapply" ".rs.objectsOnSearchPath" ".rs.getCompletionsSearchPath" "Reduce" ".rs.rpc.get_completions" 
"tolower" "nchar" ".rs.startsWith" ".rs.fuzzyMatches" ".rs.getCompletionsSearchPath" "Reduce" ".rs.rpc.get_completions" 
"gsub" ".rs.fuzzyMatches" ".rs.getCompletionsSearchPath" "Reduce" ".rs.rpc.get_completions" 
"match.call" "doTryCatch" "tryCatchOne" "tryCatchList" "tryCatch" "checkCall" "cmpCall" "cmp" "cmpSymbolAssign" "h" "tryInline" "cmpCall" "cmp" "h" "tryInline" "cmpCall" "cmp" "genCode" "cmpfun" "doTryCatch" "tryCatchOne" "tryCatchList" "tryCatch" "compiler:::tryCmpfun" "measure_quality" 
"ls" "FUN" "lapply" ".rs.objectsOnSearchPath" ".rs.getCompletionsSearchPath" "Reduce" ".rs.rpc.get_completions" 
".rs.appendCompletions" ".rs.rpc.get_completions" 
"gzfile" "readRDS" "doTryCatch" "tryCatchOne" "tryCatchList" "tryCatch" "FUN" "lapply" "find.package" "system.file" "FUN" "vapply" ".rs.isPackageInstalled" ".rs.isPackageVersionInstalled" 
"gsub" ".rs.fuzzyMatches" ".rs.selectFuzzyMatches" ".rs.getCompletionsPackages" "Reduce" ".rs.rpc.get_completions" 
"findCenvVar" "findFunDef" "cmpCall" "cmp" "cmpSymbolAssign" "h" "tryInline" "cmpCall" "cmp" "h" "tryInline" "cmpCall" "cmp" "genCode" "cmpfun" "doTryCatch" "tryCatchOne" "tryCatchList" "tryCatch" "compiler:::tryCmpfun" "measure_quality" 
"FUN" "lapply" "unlist" ".rs.getCompletionsSearchPath" "Reduce" ".rs.rpc.get_completions" 
"FUN" "lapply" "unlist" ".rs.getCompletionsSearchPath" "Reduce" ".rs.rpc.get_completions" 
"%in%" ".rs.getHelpFromObject" ".rs.getHelpArgument" ".rs.rpc.get_help" 
"psub" "addParaBreaks" "writeLines" "writeLinesUTF8" "of1" "writeBlock" "writeContent" "writeContent" "writeSection" "Rd2HTML" "tools:::httpd" "withCallingHandlers" "suppressWarnings" ".rs.getHelp" ".rs.getHelpFromObject" ".rs.getHelpArgument" ".rs.rpc.get_help" 
"%notin%" "writeBlock" "writeContent" "writeSection" "Rd2HTML" "tools:::httpd" "withCallingHandlers" "suppressWarnings" ".rs.getHelp" ".rs.getHelpFromObject" ".rs.getHelpArgument" ".rs.rpc.get_help" 
"gsub" ".rs.fuzzyMatches" ".rs.getCompletionsSearchPath" "Reduce" ".rs.rpc.get_completions" 
"lazyLoadDBfetch" "get" "doTryCatch" "tryCatchOne" "tryCatchList" "tryCatch" "FUN" "vapply" ".rs.getCompletionsSearchPath" "Reduce" ".rs.rpc.get_completions" 
"fsub" "htmlify" "utils:::getSrcByte" "isBlankLineRd" "addParaBreaks" "writeLines" "writeLinesUTF8" "of1" "writeBlock" "writeContent" "writeLR" "writeBlock" "writeContent" "writeSection" "Rd2HTML" "<Anonymous>" "doTryCatch" "tryCatchOne" "tryCatchList" "tryCatch" "try" "withCallingHandlers" "<Anonymous>" 
"file" "Rd2HTML" "<Anonymous>" "doTryCatch" "tryCatchOne" "tryCatchList" "tryCatch" "try" "withCallingHandlers" "<Anonymous>" 
"fsub" "htmlify" "utils:::getSrcByte" "isBlankLineRd" "addParaBreaks" "writeLines" "writeLinesUTF8" "of1" "writeBlock" "writeContent" "writeSection" "Rd2HTML" "<Anonymous>" "doTryCatch" "tryCatchOne" "tryCatchList" "tryCatch" "try" "withCallingHandlers" "<Anonymous>" 
".Call" ".rs.isBrowserActive" ".rs.reticulate.replIsActive" 
".rs.addS3Override" ".rs.initDataCapture" 
"lapply" ".rs.objectsOnSearchPath" ".rs.getCompletionsSearchPath" "Reduce" ".rs.rpc.get_completions" 
"ls" "FUN" "lapply" ".rs.objectsOnSearchPath" ".rs.getCompletionsSearchPath" "Reduce" ".rs.rpc.get_completions" 
"ls" "FUN" "lapply" ".rs.objectsOnSearchPath" ".rs.getCompletionsSearchPath" "Reduce" ".rs.rpc.get_completions" 
"ls" "FUN" "lapply" ".rs.objectsOnSearchPath" ".rs.getCompletionsSearchPath" "Reduce" ".rs.rpc.get_completions" 
"%in%" "getInlineInfo" "isBaseVar" "FUN" "lapply" "unlist" "Filter" "findLocalsList" "funEnv" "make.functionContext" "h" "tryInline" "cmpCall" "cmp" "genCode" "cb$putconst" "cmpCallArgs" "cmpCallSymFun" "cmpCall" "cmp" "cmpPrim2" "h" "tryInline" "cmpCall" "cmp" "cmpSymbolAssign" "h" "tryInline" "cmpCall" "cmp" "h" "tryInline" "cmpCall" "cmp" "genCode" "cmpfun" "doTryCatch" "tryCatchOne" "tryCatchList" "tryCatch" "compiler:::tryCmpfun" "measure_quality" 
"tryGet" ".rs.getCompletionsArgument" ".rs.getCompletionsFunction" ".rs.appendCompletions" ".rs.getRCompletions" ".rs.appendCompletions" ".rs.rpc.get_completions" 
"substring" ".rs.startsWith" ".rs.fuzzyMatches" ".rs.getCompletionsSearchPath" "Reduce" ".rs.rpc.get_completions" 
"ls" "FUN" "lapply" ".rs.objectsOnSearchPath" ".rs.getCompletionsSearchPath" "Reduce" ".rs.rpc.get_completions" 
".Call" ".rs.getNAMESPACEImportedSymbols" ".rs.getCompletionsNAMESPACE" "Reduce" ".rs.rpc.get_completions" 
"findLocalsList1" "findLocalsList" "funEnv" "make.functionContext" "h" "tryInline" "cmpCall" "cmp" "genCode" "cb$putconst" "cmpCallArgs" "cmpCallSymFun" "cmpCall" "cmp" "cmpPrim2" "h" "tryInline" "cmpCall" "cmp" "cmpSymbolAssign" "h" "tryInline" "cmpCall" "cmp" "h" "tryInline" "cmpCall" "cmp" "genCode" "cmpfun" "doTryCatch" "tryCatchOne" "tryCatchList" "tryCatch" "compiler:::tryCmpfun" "measure_quality" 
"rm" "withCallingHandlers" "suppressWarnings" ".rs.saveCachedData" 
